  Application.cpp
C:\Users\dhiks\source\repos\dhikshith12\OpenGL\OpenGL\OpenGL\src\Application.cpp(210,1): error C2129: static function 'bool GLLogCall(const char *,const char *,int)' declared but not defined
C:\Users\dhiks\source\repos\dhikshith12\OpenGL\OpenGL\OpenGL\src\Renderer.h(9): message : see declaration of 'GLLogCall'
  IndexBuffer.cpp
C:\Users\dhiks\source\repos\dhikshith12\OpenGL\OpenGL\OpenGL\src\IndexBuffer.cpp(26,1): error C2129: static function 'bool GLLogCall(const char *,const char *,int)' declared but not defined
C:\Users\dhiks\source\repos\dhikshith12\OpenGL\OpenGL\OpenGL\src\Renderer.h(9): message : see declaration of 'GLLogCall'
  Renderer.cpp
  VertexBuffer.cpp
C:\Users\dhiks\source\repos\dhikshith12\OpenGL\OpenGL\OpenGL\src\VertexBuffer.cpp(24,1): error C2129: static function 'bool GLLogCall(const char *,const char *,int)' declared but not defined
C:\Users\dhiks\source\repos\dhikshith12\OpenGL\OpenGL\OpenGL\src\Renderer.h(9): message : see declaration of 'GLLogCall'
  Generating Code...
C:\Program Files (x86)\Microsoft Visual Studio\2019\Community\MSBuild\Microsoft\VC\v160\Microsoft.CppCommon.targets(687,5): error MSB6003: The specified task executable "CL.exe" could not be run. System.IO.IOException: The requested operation cannot be performed on a file with a user-mapped section open.
C:\Program Files (x86)\Microsoft Visual Studio\2019\Community\MSBuild\Microsoft\VC\v160\Microsoft.CppCommon.targets(687,5): error MSB6003: 
C:\Program Files (x86)\Microsoft Visual Studio\2019\Community\MSBuild\Microsoft\VC\v160\Microsoft.CppCommon.targets(687,5): error MSB6003:    at System.IO.__Error.WinIOError(Int32 errorCode, String maybeFullPath)
C:\Program Files (x86)\Microsoft Visual Studio\2019\Community\MSBuild\Microsoft\VC\v160\Microsoft.CppCommon.targets(687,5): error MSB6003:    at System.IO.FileStream.Init(String path, FileMode mode, FileAccess access, Int32 rights, Boolean useRights, FileShare share, Int32 bufferSize, FileOptions options, SECURITY_ATTRIBUTES secAttrs, String msgPath, Boolean bFromProxy, Boolean useLongPath, Boolean checkHost)
C:\Program Files (x86)\Microsoft Visual Studio\2019\Community\MSBuild\Microsoft\VC\v160\Microsoft.CppCommon.targets(687,5): error MSB6003:    at System.IO.FileStream..ctor(String path, FileMode mode, FileAccess access, FileShare share, Int32 bufferSize, FileOptions options, String msgPath, Boolean bFromProxy, Boolean useLongPath, Boolean checkHost)
C:\Program Files (x86)\Microsoft Visual Studio\2019\Community\MSBuild\Microsoft\VC\v160\Microsoft.CppCommon.targets(687,5): error MSB6003:    at System.IO.StreamWriter.CreateFile(String path, Boolean append, Boolean checkHost)
C:\Program Files (x86)\Microsoft Visual Studio\2019\Community\MSBuild\Microsoft\VC\v160\Microsoft.CppCommon.targets(687,5): error MSB6003:    at System.IO.StreamWriter..ctor(String path, Boolean append, Encoding encoding, Int32 bufferSize, Boolean checkHost)
C:\Program Files (x86)\Microsoft Visual Studio\2019\Community\MSBuild\Microsoft\VC\v160\Microsoft.CppCommon.targets(687,5): error MSB6003:    at System.IO.File.InternalWriteAllText(String path, String contents, Encoding encoding, Boolean checkHost)
C:\Program Files (x86)\Microsoft Visual Studio\2019\Community\MSBuild\Microsoft\VC\v160\Microsoft.CppCommon.targets(687,5): error MSB6003:    at System.IO.File.WriteAllText(String path, String contents, Encoding encoding)
C:\Program Files (x86)\Microsoft Visual Studio\2019\Community\MSBuild\Microsoft\VC\v160\Microsoft.CppCommon.targets(687,5): error MSB6003:    at Microsoft.Build.Utilities.CanonicalTrackedInputFiles.SaveTlog(DependencyFilter includeInTLog)
C:\Program Files (x86)\Microsoft Visual Studio\2019\Community\MSBuild\Microsoft\VC\v160\Microsoft.CppCommon.targets(687,5): error MSB6003:    at Microsoft.Build.CPPTasks.CL.PostExecuteTool(Int32 exitCode)
C:\Program Files (x86)\Microsoft Visual Studio\2019\Community\MSBuild\Microsoft\VC\v160\Microsoft.CppCommon.targets(687,5): error MSB6003:    at Microsoft.Build.CPPTasks.TrackedVCToolTask.ExecuteTool(String pathToTool, String responseFileCommands, String commandLineCommands)
C:\Program Files (x86)\Microsoft Visual Studio\2019\Community\MSBuild\Microsoft\VC\v160\Microsoft.CppCommon.targets(687,5): error MSB6003:    at Microsoft.Build.Utilities.ToolTask.Execute()
