c:\users\dhikshith\desktop\..dev\oglscpp\opengl\opengl\debug\vc141.pdb
c:\users\dhikshith\desktop\..dev\oglscpp\opengl\opengl\debug\vc141.idb
c:\users\dhikshith\desktop\..dev\oglscpp\opengl\opengl\debug\application.obj
c:\users\dhikshith\desktop\..dev\oglscpp\opengl\debug\opengl.pdb
c:\users\dhikshith\desktop\..dev\oglscpp\opengl\opengl\debug\opengl.tlog\cl.command.1.tlog
c:\users\dhikshith\desktop\..dev\oglscpp\opengl\opengl\debug\opengl.tlog\cl.read.1.tlog
c:\users\dhikshith\desktop\..dev\oglscpp\opengl\opengl\debug\opengl.tlog\cl.write.1.tlog
c:\users\dhikshith\desktop\..dev\oglscpp\opengl\opengl\debug\opengl.tlog\link-cvtres.read.1.tlog
c:\users\dhikshith\desktop\..dev\oglscpp\opengl\opengl\debug\opengl.tlog\link-cvtres.write.1.tlog
c:\users\dhikshith\desktop\..dev\oglscpp\opengl\opengl\debug\opengl.tlog\link-rc.read.1.tlog
c:\users\dhikshith\desktop\..dev\oglscpp\opengl\opengl\debug\opengl.tlog\link-rc.write.1.tlog
c:\users\dhikshith\desktop\..dev\oglscpp\opengl\opengl\debug\opengl.tlog\link.8920-cvtres.read.1.tlog
c:\users\dhikshith\desktop\..dev\oglscpp\opengl\opengl\debug\opengl.tlog\link.8920-cvtres.write.1.tlog
c:\users\dhikshith\desktop\..dev\oglscpp\opengl\opengl\debug\opengl.tlog\link.8920-rc.read.1.tlog
c:\users\dhikshith\desktop\..dev\oglscpp\opengl\opengl\debug\opengl.tlog\link.8920-rc.write.1.tlog
c:\users\dhikshith\desktop\..dev\oglscpp\opengl\opengl\debug\opengl.tlog\link.8920.read.1.tlog
c:\users\dhikshith\desktop\..dev\oglscpp\opengl\opengl\debug\opengl.tlog\link.8920.write.1.tlog
c:\users\dhikshith\desktop\..dev\oglscpp\opengl\opengl\debug\opengl.tlog\link.command.1.tlog
c:\users\dhikshith\desktop\..dev\oglscpp\opengl\opengl\debug\opengl.tlog\link.read.1.tlog
c:\users\dhikshith\desktop\..dev\oglscpp\opengl\opengl\debug\opengl.tlog\link.write.1.tlog
